Added Component: Designator=C1(C0805)
Added Component: Designator=C2(C0805)
Added Component: Designator=C3(C0805)
Added Component: Designator=C4(C0805)
Added Component: Designator=F?(PIN-W2/E2.8)
Added Component: Designator=P1(PCBComponent_1)
Added Component: Designator=P2(BTBCON_0.8mm_60P)
Added Component: Designator=P3(PCBComponent_1)
Added Component: Designator=P4(PCBComponent_1)
Added Component: Designator=R1(R0805)
Added Component: Designator=R2(R0805)
Added Component: Designator=R3(R0805)
Added Component: Designator=R4(R0805)
Added Component: Designator=R5(R0805)
Added Component: Designator=R6(R0805)
Added Component: Designator=U1(AMS1117)
Added Pin To Net: NetName=3V3 Pin=C3-1
Added Pin To Net: NetName=3V3 Pin=C4-2
Added Pin To Net: NetName=3V3 Pin=P1-1
Added Pin To Net: NetName=3V3 Pin=R1-1
Added Pin To Net: NetName=3V3 Pin=R2-1
Added Pin To Net: NetName=3V3 Pin=R3-1
Added Pin To Net: NetName=3V3 Pin=R4-1
Added Pin To Net: NetName=3V3 Pin=R5-1
Added Pin To Net: NetName=3V3 Pin=R6-1
Added Pin To Net: NetName=3V3 Pin=U1-2
Added Net: Name=3V3
Added Pin To Net: NetName=5V Pin=F?-1
Added Pin To Net: NetName=5V Pin=P2-1
Added Pin To Net: NetName=5V Pin=P2-2
Added Net: Name=5V
Added Pin To Net: NetName=D0_1 Pin=P1-16
Added Pin To Net: NetName=D0_1 Pin=P2-20
Added Net: Name=D0_1
Added Pin To Net: NetName=D1_1 Pin=P1-15
Added Pin To Net: NetName=D1_1 Pin=P2-19
Added Net: Name=D1_1
Added Pin To Net: NetName=D2_1 Pin=P1-14
Added Pin To Net: NetName=D2_1 Pin=P2-18
Added Net: Name=D2_1
Added Pin To Net: NetName=D3_1 Pin=P1-13
Added Pin To Net: NetName=D3_1 Pin=P2-17
Added Net: Name=D3_1
Added Pin To Net: NetName=D4_1 Pin=P1-12
Added Pin To Net: NetName=D4_1 Pin=P2-16
Added Net: Name=D4_1
Added Pin To Net: NetName=D5_1 Pin=P1-11
Added Pin To Net: NetName=D5_1 Pin=P2-15
Added Net: Name=D5_1
Added Pin To Net: NetName=D6_1 Pin=P1-10
Added Pin To Net: NetName=D6_1 Pin=P2-14
Added Net: Name=D6_1
Added Pin To Net: NetName=D7_1 Pin=P1-9
Added Pin To Net: NetName=D7_1 Pin=P2-13
Added Net: Name=D7_1
Added Pin To Net: NetName=FREX_1 Pin=P1-19
Added Net: Name=FREX_1
Added Pin To Net: NetName=GND Pin=C1-2
Added Pin To Net: NetName=GND Pin=C2-1
Added Pin To Net: NetName=GND Pin=C3-2
Added Pin To Net: NetName=GND Pin=C4-1
Added Pin To Net: NetName=GND Pin=P1-2
Added Pin To Net: NetName=GND Pin=P2-3
Added Pin To Net: NetName=GND Pin=P2-4
Added Pin To Net: NetName=GND Pin=P2-5
Added Pin To Net: NetName=GND Pin=P2-6
Added Pin To Net: NetName=GND Pin=P2-23
Added Pin To Net: NetName=GND Pin=P2-24
Added Pin To Net: NetName=GND Pin=P2-41
Added Pin To Net: NetName=GND Pin=P2-42
Added Pin To Net: NetName=GND Pin=P2-59
Added Pin To Net: NetName=GND Pin=P2-60
Added Pin To Net: NetName=GND Pin=U1-1
Added Net: Name=GND
Added Pin To Net: NetName=HS_1 Pin=P1-6
Added Pin To Net: NetName=HS_1 Pin=P2-10
Added Net: Name=HS_1
Added Pin To Net: NetName=N18 Pin=P2-29
Added Net: Name=N18
Added Pin To Net: NetName=N20 Pin=P1-3
Added Pin To Net: NetName=N20 Pin=P2-7
Added Pin To Net: NetName=N20 Pin=R1-2
Added Net: Name=N20
Added Pin To Net: NetName=NetC1_1 Pin=C1-1
Added Pin To Net: NetName=NetC1_1 Pin=C2-2
Added Pin To Net: NetName=NetC1_1 Pin=F?-2
Added Pin To Net: NetName=NetC1_1 Pin=U1-3
Added Net: Name=NetC1_1
Added Pin To Net: NetName=P14 Pin=P2-45
Added Net: Name=P14
Added Pin To Net: NetName=P15 Pin=P2-31
Added Net: Name=P15
Added Pin To Net: NetName=P16 Pin=P2-32
Added Net: Name=P16
Added Pin To Net: NetName=P19 Pin=P2-30
Added Net: Name=P19
Added Pin To Net: NetName=P20 Pin=P1-4
Added Pin To Net: NetName=P20 Pin=P2-8
Added Pin To Net: NetName=P20 Pin=R2-2
Added Net: Name=P20
Added Pin To Net: NetName=PCLK_1 Pin=P1-7
Added Pin To Net: NetName=PCLK_1 Pin=P2-11
Added Net: Name=PCLK_1
Added Pin To Net: NetName=PWDN_1 Pin=P1-18
Added Net: Name=PWDN_1
Added Pin To Net: NetName=R14 Pin=P2-46
Added Net: Name=R14
Added Pin To Net: NetName=R16 Pin=P2-27
Added Net: Name=R16
Added Pin To Net: NetName=R17 Pin=P2-28
Added Net: Name=R17
Added Pin To Net: NetName=R18 Pin=P1-8
Added Pin To Net: NetName=R18 Pin=P2-12
Added Net: Name=R18
Added Pin To Net: NetName=RST_1 Pin=P1-17
Added Net: Name=RST_1
Added Pin To Net: NetName=SCK_2 Pin=R3-2
Added Net: Name=SCK_2
Added Pin To Net: NetName=SCK_3 Pin=R5-2
Added Net: Name=SCK_3
Added Pin To Net: NetName=SDA_2 Pin=R4-2
Added Net: Name=SDA_2
Added Pin To Net: NetName=SDA_3 Pin=R6-2
Added Net: Name=SDA_3
Added Pin To Net: NetName=STRO_1 Pin=P1-20
Added Net: Name=STRO_1
Added Pin To Net: NetName=T10 Pin=P2-58
Added Net: Name=T10
Added Pin To Net: NetName=T11 Pin=P2-57
Added Net: Name=T11
Added Pin To Net: NetName=T12 Pin=P2-55
Added Net: Name=T12
Added Pin To Net: NetName=T14 Pin=P2-51
Added Net: Name=T14
Added Pin To Net: NetName=T15 Pin=P2-52
Added Net: Name=T15
Added Pin To Net: NetName=T16 Pin=P2-37
Added Net: Name=T16
Added Pin To Net: NetName=T20 Pin=P1-5
Added Pin To Net: NetName=T20 Pin=P2-9
Added Net: Name=T20
Added Pin To Net: NetName=U12 Pin=P2-56
Added Net: Name=U12
Added Pin To Net: NetName=U14 Pin=P2-43
Added Net: Name=U14
Added Pin To Net: NetName=U15 Pin=P2-44
Added Net: Name=U15
Added Pin To Net: NetName=U17 Pin=P2-38
Added Net: Name=U17
Added Pin To Net: NetName=U18 Pin=P2-33
Added Net: Name=U18
Added Pin To Net: NetName=U19 Pin=P2-34
Added Net: Name=U19
Added Pin To Net: NetName=V12 Pin=P2-53
Added Net: Name=V12
Added Pin To Net: NetName=V15 Pin=P2-35
Added Net: Name=V15
Added Pin To Net: NetName=V16 Pin=P2-39
Added Net: Name=V16
Added Pin To Net: NetName=V17 Pin=P2-25
Added Net: Name=V17
Added Pin To Net: NetName=V18 Pin=P2-26
Added Net: Name=V18
Added Pin To Net: NetName=W13 Pin=P2-54
Added Net: Name=W13
Added Pin To Net: NetName=W14 Pin=P2-49
Added Net: Name=W14
Added Pin To Net: NetName=W15 Pin=P2-36
Added Net: Name=W15
Added Pin To Net: NetName=W16 Pin=P2-40
Added Net: Name=W16
Added Pin To Net: NetName=Y14 Pin=P2-50
Added Net: Name=Y14
Added Pin To Net: NetName=Y16 Pin=P2-47
Added Net: Name=Y16
Added Pin To Net: NetName=Y17 Pin=P2-48
Added Net: Name=Y17
Added Class: Name=Sheet1
Added Room: Name=Sheet1
