Added Pin To Net: NetName=RIGHT_GND Pin=P1-2
Added Pin To Net: NetName=RIGHT_SCL Pin=P1-3
Added Pin To Net: NetName=RIGHT_SDA Pin=P1-4
Added Pin To Net: NetName=RIGHT_SYNC Pin=P1-5
Added Pin To Net: NetName=RIGHT_HREF Pin=P1-6
Added Pin To Net: NetName=RIGHT_PCLK Pin=P1-7
Added Pin To Net: NetName=RIGHT_XCLK Pin=P1-8
Added Pin To Net: NetName=RIGHT_D7 Pin=P1-9
Added Pin To Net: NetName=RIGHT_D6 Pin=P1-10
Added Pin To Net: NetName=RIGHT_D5 Pin=P1-11
Added Pin To Net: NetName=RIGHT_D4 Pin=P1-12
Added Pin To Net: NetName=RIGHT_D3 Pin=P1-13
Added Pin To Net: NetName=RIGHT_D2 Pin=P1-14
Added Pin To Net: NetName=RIGHT_D1 Pin=P1-15
Added Pin To Net: NetName=RIGHT_D0 Pin=P1-16
Added Pin To Net: NetName=RIGHT_GND Pin=P1-17
Added Pin To Net: NetName=RIGHT_NC1 Pin=P1-18
Added Pin To Net: NetName=RIGHT_NC2 Pin=P1-19
Added Pin To Net: NetName=RIGHT_NC3 Pin=P1-20
Added Room: Name=Sheet1
