Added Component: Designator=P1(FPC20Pin)
Added Component: Designator=P2(FPC20Pin)
Added Component: Designator=P3(HDR2X10)
Added Pin To Net: NetName=LEFT_D0 Pin=P1-16
Added Pin To Net: NetName=LEFT_D0 Pin=P2-16
Added Pin To Net: NetName=LEFT_D0 Pin=P3-16
Added Net: Name=LEFT_D0
Added Pin To Net: NetName=LEFT_D1 Pin=P1-15
Added Pin To Net: NetName=LEFT_D1 Pin=P2-15
Added Pin To Net: NetName=LEFT_D1 Pin=P3-15
Added Net: Name=LEFT_D1
Added Pin To Net: NetName=LEFT_D2 Pin=P1-14
Added Pin To Net: NetName=LEFT_D2 Pin=P2-14
Added Pin To Net: NetName=LEFT_D2 Pin=P3-14
Added Net: Name=LEFT_D2
Added Pin To Net: NetName=LEFT_D3 Pin=P1-13
Added Pin To Net: NetName=LEFT_D3 Pin=P2-13
Added Pin To Net: NetName=LEFT_D3 Pin=P3-13
Added Net: Name=LEFT_D3
Added Pin To Net: NetName=LEFT_D4 Pin=P1-12
Added Pin To Net: NetName=LEFT_D4 Pin=P2-12
Added Pin To Net: NetName=LEFT_D4 Pin=P3-12
Added Net: Name=LEFT_D4
Added Pin To Net: NetName=LEFT_D5 Pin=P1-11
Added Pin To Net: NetName=LEFT_D5 Pin=P2-11
Added Pin To Net: NetName=LEFT_D5 Pin=P3-11
Added Net: Name=LEFT_D5
Added Pin To Net: NetName=LEFT_D6 Pin=P1-10
Added Pin To Net: NetName=LEFT_D6 Pin=P2-10
Added Pin To Net: NetName=LEFT_D6 Pin=P3-10
Added Net: Name=LEFT_D6
Added Pin To Net: NetName=LEFT_D7 Pin=P1-9
Added Pin To Net: NetName=LEFT_D7 Pin=P2-9
Added Pin To Net: NetName=LEFT_D7 Pin=P3-9
Added Net: Name=LEFT_D7
Added Pin To Net: NetName=LEFT_GND Pin=P1-2
Added Pin To Net: NetName=LEFT_GND Pin=P1-17
Added Pin To Net: NetName=LEFT_GND Pin=P2-2
Added Pin To Net: NetName=LEFT_GND Pin=P2-17
Added Pin To Net: NetName=LEFT_GND Pin=P3-2
Added Pin To Net: NetName=LEFT_GND Pin=P3-17
Added Net: Name=LEFT_GND
Added Pin To Net: NetName=LEFT_HREF Pin=P1-6
Added Pin To Net: NetName=LEFT_HREF Pin=P2-6
Added Pin To Net: NetName=LEFT_HREF Pin=P3-6
Added Net: Name=LEFT_HREF
Added Pin To Net: NetName=LEFT_NC1 Pin=P1-18
Added Pin To Net: NetName=LEFT_NC1 Pin=P2-18
Added Pin To Net: NetName=LEFT_NC1 Pin=P3-18
Added Net: Name=LEFT_NC1
Added Pin To Net: NetName=LEFT_NC2 Pin=P1-19
Added Pin To Net: NetName=LEFT_NC2 Pin=P2-19
Added Pin To Net: NetName=LEFT_NC2 Pin=P3-19
Added Net: Name=LEFT_NC2
Added Pin To Net: NetName=LEFT_NC3 Pin=P1-20
Added Pin To Net: NetName=LEFT_NC3 Pin=P2-20
Added Pin To Net: NetName=LEFT_NC3 Pin=P3-20
Added Net: Name=LEFT_NC3
Added Pin To Net: NetName=LEFT_PCLK Pin=P1-7
Added Pin To Net: NetName=LEFT_PCLK Pin=P2-7
Added Pin To Net: NetName=LEFT_PCLK Pin=P3-7
Added Net: Name=LEFT_PCLK
Added Pin To Net: NetName=LEFT_SCL Pin=P1-3
Added Pin To Net: NetName=LEFT_SCL Pin=P2-3
Added Pin To Net: NetName=LEFT_SCL Pin=P3-3
Added Net: Name=LEFT_SCL
Added Pin To Net: NetName=LEFT_SDA Pin=P1-4
Added Pin To Net: NetName=LEFT_SDA Pin=P2-4
Added Pin To Net: NetName=LEFT_SDA Pin=P3-4
Added Net: Name=LEFT_SDA
Added Pin To Net: NetName=LEFT_SYNC Pin=P1-5
Added Pin To Net: NetName=LEFT_SYNC Pin=P2-5
Added Pin To Net: NetName=LEFT_SYNC Pin=P3-5
Added Net: Name=LEFT_SYNC
Added Pin To Net: NetName=LEFT_VCC Pin=P1-1
Added Pin To Net: NetName=LEFT_VCC Pin=P2-1
Added Pin To Net: NetName=LEFT_VCC Pin=P3-1
Added Net: Name=LEFT_VCC
Added Pin To Net: NetName=LEFT_XCLK Pin=P1-8
Added Pin To Net: NetName=LEFT_XCLK Pin=P2-8
Added Pin To Net: NetName=LEFT_XCLK Pin=P3-8
Added Net: Name=LEFT_XCLK
Added Class: Name=Sheet1
Added Room: Name=Sheet1
